<?xml version="1.0" encoding="UTF-8"?>
<testsuite name="com.test.senha.ValidadorSenhaTest" time="1.231" tests="19" errors="0" skipped="0" failures="0">
  <properties>
    <property name="java.runtime.name" value="Java(TM) SE Runtime Environment"/>
    <property name="java.vm.version" value="17.0.7+8-LTS-224"/>
    <property name="sun.boot.library.path" value="C:\Program Files\Java\jdk-17\bin"/>
    <property name="user.country.format" value="BR"/>
    <property name="maven.multiModuleProjectDirectory" value="C:\Users\chris\Documents\trabalho-final-pss\validadorsenha-master"/>
    <property name="java.vm.vendor" value="Oracle Corporation"/>
    <property name="java.vendor.url" value="https://java.oracle.com/"/>
    <property name="guice.disable.misplaced.annotation.check" value="true"/>
    <property name="path.separator" value=";"/>
    <property name="java.vm.name" value="Java HotSpot(TM) 64-Bit Server VM"/>
    <property name="sun.os.patch.level" value=""/>
    <property name="user.script" value=""/>
    <property name="user.country" value="US"/>
    <property name="sun.java.launcher" value="SUN_STANDARD"/>
    <property name="java.vm.specification.name" value="Java Virtual Machine Specification"/>
    <property name="user.dir" value="C:\Users\chris\Documents\trabalho-final-pss\validadorsenha-master"/>
    <property name="java.vm.compressedOopsMode" value="Zero based"/>
    <property name="java.runtime.version" value="17.0.7+8-LTS-224"/>
    <property name="os.arch" value="amd64"/>
    <property name="java.io.tmpdir" value="C:\Users\chris\AppData\Local\Temp\"/>
    <property name="line.separator" value="&#10;"/>
    <property name="java.vm.specification.vendor" value="Oracle Corporation"/>
    <property name="user.variant" value=""/>
    <property name="os.name" value="Windows 11"/>
    <property name="maven.ext.class.path" value="C:\Program Files\NetBeans-17\netbeans\java\maven-nblib\netbeans-eventspy.jar"/>
    <property name="classworlds.conf" value="C:\Program Files\NetBeans-17\netbeans\java\maven\bin\m2.conf"/>
    <property name="sun.jnu.encoding" value="Cp1252"/>
    <property name="java.library.path" value="C:\Program Files\Java\jdk-17\bin;C:\WINDOWS\Sun\Java\bin;C:\WINDOWS\system32;C:\WINDOWS;C:\Program Files (x86)\Razer Chroma SDK\bin;C:\Program Files\Razer Chroma SDK\bin;C:\Program Files (x86)\Razer\ChromaBroadcast\bin;C:\Program Files\Razer\ChromaBroadcast\bin;C:\Program Files\Common Files\Oracle\Java\javapath;C:\WINDOWS\system32;C:\WINDOWS;C:\WINDOWS\System32\Wbem;C:\WINDOWS\System32\WindowsPowerShell\v1.0\;C:\WINDOWS\System32\OpenSSH\;C:\Program Files\Git\cmd;C:\Program Files\nodejs\;C:\Program Files (x86)\NVIDIA Corporation\PhysX\Common;C:\Program Files\NVIDIA Corporation\NVIDIA NvDLISR;C:\MinGW\bin;C:\WINDOWS\system32\config\systemprofile\AppData\Local\Microsoft\WindowsApps;C:\Program Files\Java\apache-maven-3.9.3\bin;C:\Users\chris\AppData\Local\Microsoft\WindowsApps;C:\Users\chris\AppData\Local\Programs\Microsoft VS Code\bin;C:\Users\chris\AppData\Roaming\npm;C:\MinGW\bin;C:\Program Files\Java\apache-maven-3.9.3\bin;;."/>
    <property name="maven.conf" value="C:\Program Files\NetBeans-17\netbeans\java\maven/conf"/>
    <property name="jdk.debug" value="release"/>
    <property name="java.class.version" value="61.0"/>
    <property name="java.specification.name" value="Java Platform API Specification"/>
    <property name="sun.management.compiler" value="HotSpot 64-Bit Tiered Compilers"/>
    <property name="os.version" value="10.0"/>
    <property name="library.jansi.path" value="C:\Program Files\NetBeans-17\netbeans\java\maven\lib\jansi-native"/>
    <property name="user.home" value="C:\Users\chris"/>
    <property name="user.timezone" value="America/Sao_Paulo"/>
    <property name="file.encoding" value="UTF-8"/>
    <property name="java.specification.version" value="17"/>
    <property name="user.name" value="chris"/>
    <property name="java.class.path" value="C:\Program Files\NetBeans-17\netbeans\java\maven\boot\plexus-classworlds-2.6.0.jar"/>
    <property name="java.vm.specification.version" value="17"/>
    <property name="sun.arch.data.model" value="64"/>
    <property name="sun.java.command" value="org.codehaus.plexus.classworlds.launcher.Launcher -Dmaven.ext.class.path=C:\Program Files\NetBeans-17\netbeans\java\maven-nblib\netbeans-eventspy.jar -Dfile.encoding=UTF-8 --no-transfer-progress clean install"/>
    <property name="java.home" value="C:\Program Files\Java\jdk-17"/>
    <property name="user.language" value="en"/>
    <property name="java.specification.vendor" value="Oracle Corporation"/>
    <property name="user.language.format" value="pt"/>
    <property name="java.vm.info" value="mixed mode, sharing"/>
    <property name="java.version" value="17.0.7"/>
    <property name="native.encoding" value="Cp1252"/>
    <property name="java.vendor" value="Oracle Corporation"/>
    <property name="maven.home" value="C:\Program Files\NetBeans-17\netbeans\java\maven"/>
    <property name="file.separator" value="\"/>
    <property name="java.version.date" value="2023-04-18"/>
    <property name="java.vendor.url.bug" value="https://bugreport.java.com/bugreport/"/>
    <property name="sun.io.unicode.encoding" value="UnicodeLittle"/>
    <property name="sun.cpu.endian" value="little"/>
    <property name="sun.cpu.isalist" value="amd64"/>
  </properties>
  <testcase name="senhaCPF1Test" classname="com.test.senha.ValidadorSenhaTest" time="0.154"/>
  <testcase name="senhaCPF2Test" classname="com.test.senha.ValidadorSenhaTest" time="0.223"/>
  <testcase name="senhaComEspaco" classname="com.test.senha.ValidadorSenhaTest" time="0.104"/>
  <testcase name="senhaCPF3Test" classname="com.test.senha.ValidadorSenhaTest" time="0.103"/>
  <testcase name="senhaCPF4Test" classname="com.test.senha.ValidadorSenhaTest" time="0.121"/>
  <testcase name="senha1Test" classname="com.test.senha.ValidadorSenhaTest" time="0.09"/>
  <testcase name="senha2Test" classname="com.test.senha.ValidadorSenhaTest" time="0"/>
  <testcase name="senhaVazia" classname="com.test.senha.ValidadorSenhaTest" time="0"/>
  <testcase name="senhaNula" classname="com.test.senha.ValidadorSenhaTest" time="0"/>
  <testcase name="senha3Digitos" classname="com.test.senha.ValidadorSenhaTest" time="0.07"/>
  <testcase name="senhaComAcentos" classname="com.test.senha.ValidadorSenhaTest" time="0.079"/>
  <testcase name="senhaSequenciaLetras" classname="com.test.senha.ValidadorSenhaTest" time="0.025"/>
  <testcase name="senhaSequenciaLetras1" classname="com.test.senha.ValidadorSenhaTest" time="0.023"/>
  <testcase name="senhaComCaracteresEspeciais" classname="com.test.senha.ValidadorSenhaTest" time="0.04"/>
  <testcase name="senhaSequenciaLetrasEnumeros" classname="com.test.senha.ValidadorSenhaTest" time="0.041"/>
  <testcase name="senhaCorreta" classname="com.test.senha.ValidadorSenhaTest" time="0"/>
  <testcase name="senhaCom3CaracteresDistintos" classname="com.test.senha.ValidadorSenhaTest" time="0.068"/>
  <testcase name="senhaComEmail" classname="com.test.senha.ValidadorSenhaTest" time="0.069"/>
  <testcase name="senha4Digitos" classname="com.test.senha.ValidadorSenhaTest" time="0.021"/>
</testsuite>